<?xml version="1.0" encoding="UTF-8"?>
<!-- Generated by org.testng.reporters.JUnitReportReporter -->
<testsuite skipped="0" hostname="DESKTOP-K0HB83P" name="com.psm.pages.Registration" tests="1" failures="0" timestamp="6 Sep 2019 10:08:49 GMT" time="0.014" errors="0">
  <testcase name="reg" time="0.014" classname="com.psm.pages.Registration"/>
</testsuite> <!-- com.psm.pages.Registration -->
