<?xml version="1.0" encoding="UTF-8"?>
<!-- Generated by org.testng.reporters.JUnitReportReporter -->
<testsuite skipped="0" hostname="DESKTOP-K0HB83P" name="Kensington.Postman.Code1" tests="1" failures="0" timestamp="6 Sep 2019 06:59:37 GMT" time="0.018" errors="0">
  <testcase name="f" time="0.018" classname="Kensington.Postman.Code1"/>
</testsuite> <!-- Kensington.Postman.Code1 -->
