<?xml version="1.0" encoding="UTF-8"?>
<!-- Generated by org.testng.reporters.JUnitReportReporter -->
<testsuite hostname="DESKTOP-K0HB83P" name="com.green.TC005_GET_Reg_Patient" tests="1" failures="0" timestamp="27 Sep 2019 08:47:42 GMT" time="3.188" errors="0">
  <testcase name="doctor_registration" time="3.188" classname="com.green.TC005_GET_Reg_Patient"/>
</testsuite> <!-- com.green.TC005_GET_Reg_Patient -->
