<?xml version="1.0" encoding="UTF-8"?>
<!-- Generated by org.testng.reporters.JUnitReportReporter -->
<testsuite hostname="DESKTOP-K0HB83P" name="com.green.TC003_PUT_Docdetails" tests="1" failures="0" timestamp="27 Sep 2019 07:05:39 GMT" time="2.704" errors="0">
  <testcase name="doctor_update" time="2.704" classname="com.green.TC003_PUT_Docdetails"/>
</testsuite> <!-- com.green.TC003_PUT_Docdetails -->
