<?xml version="1.0" encoding="UTF-8"?>
<!-- Generated by org.testng.reporters.JUnitReportReporter -->
<testsuite hostname="DESKTOP-K0HB83P" name="com.green.TC_Install_POST" tests="1" failures="0" timestamp="27 Sep 2019 07:52:27 GMT" time="3.412" errors="0">
  <testcase name="install_app" time="3.412" classname="com.green.TC_Install_POST"/>
</testsuite> <!-- com.green.TC_Install_POST -->
