<?xml version="1.0" encoding="UTF-8"?>
<!-- Generated by org.testng.reporters.JUnitReportReporter -->
<testsuite hostname="DESKTOP-K0HB83P" name="com.green.TC006_POST_Login" tests="1" failures="0" timestamp="27 Sep 2019 09:35:07 GMT" time="3.434" errors="0">
  <testcase name="Login" time="3.434" classname="com.green.TC006_POST_Login"/>
</testsuite> <!-- com.green.TC006_POST_Login -->
