<?xml version="1.0" encoding="UTF-8"?>
<!-- Generated by org.testng.reporters.JUnitReportReporter -->
<testsuite hostname="DESKTOP-K0HB83P" name="com.green.TC002_POST_Request" tests="1" failures="0" timestamp="27 Sep 2019 05:20:30 GMT" time="3.643" errors="0">
  <testcase name="doctor_registration" time="3.643" classname="com.green.TC002_POST_Request"/>
</testsuite> <!-- com.green.TC002_POST_Request -->
