<?xml version="1.0" encoding="UTF-8"?>
<!-- Generated by org.testng.reporters.JUnitReportReporter -->
<testsuite hostname="DESKTOP-K0HB83P" name="com.green.GetDoctorData" tests="1" failures="0" timestamp="26 Sep 2019 10:19:18 GMT" time="2.545" errors="0">
  <testcase name="DocData" time="2.545" classname="com.green.GetDoctorData"/>
</testsuite> <!-- com.green.GetDoctorData -->
