<?xml version="1.0" encoding="UTF-8"?>
<!-- Generated by org.testng.reporters.JUnitReportReporter -->
<testsuite hostname="DESKTOP-K0HB83P" name="com.green.Test1_BasicFeatures" tests="1" failures="0" timestamp="26 Sep 2019 10:38:42 GMT" time="2.508" errors="0">
  <testcase name="Otp" time="2.508" classname="com.green.Test1_BasicFeatures"/>
</testsuite> <!-- com.green.Test1_BasicFeatures -->
